<?xml version="1.0" encoding="UTF-8"?>
<testsuite xmlns:xsi="http://www.w3.org/2001/XMLSchema-instance" xsi:noNamespaceSchemaLocation="https://maven.apache.org/surefire/maven-surefire-plugin/xsd/surefire-test-report-3.0.xsd" version="3.0" name="com.urlshortener.domain.model.UrlMappingTest" time="0.024" tests="9" errors="0" skipped="0" failures="0">
  <properties>
    <property name="java.specification.version" value="17"/>
    <property name="sun.cpu.isalist" value="amd64"/>
    <property name="sun.jnu.encoding" value="Cp1252"/>
    <property name="java.class.path" value="C:\url-shortener\domain\target\test-classes;C:\url-shortener\domain\target\classes;C:\Users\asahi\.m2\repository\org\jetbrains\kotlin\kotlin-stdlib\1.9.22\kotlin-stdlib-1.9.22.jar;C:\Users\asahi\.m2\repository\org\jetbrains\annotations\13.0\annotations-13.0.jar;C:\Users\asahi\.m2\repository\org\jetbrains\kotlin\kotlin-reflect\1.9.22\kotlin-reflect-1.9.22.jar;C:\Users\asahi\.m2\repository\org\slf4j\slf4j-api\2.0.12\slf4j-api-2.0.12.jar;C:\Users\asahi\.m2\repository\org\jetbrains\kotlin\kotlin-test-junit5\1.9.22\kotlin-test-junit5-1.9.22.jar;C:\Users\asahi\.m2\repository\org\junit\jupiter\junit-jupiter-api\5.10.1\junit-jupiter-api-5.10.1.jar;C:\Users\asahi\.m2\repository\org\opentest4j\opentest4j\1.3.0\opentest4j-1.3.0.jar;C:\Users\asahi\.m2\repository\org\junit\platform\junit-platform-commons\1.10.2\junit-platform-commons-1.10.2.jar;C:\Users\asahi\.m2\repository\org\apiguardian\apiguardian-api\1.1.2\apiguardian-api-1.1.2.jar;C:\Users\asahi\.m2\repository\org\junit\jupiter\junit-jupiter-engine\5.10.1\junit-jupiter-engine-5.10.1.jar;C:\Users\asahi\.m2\repository\org\junit\platform\junit-platform-engine\1.10.2\junit-platform-engine-1.10.2.jar;C:\Users\asahi\.m2\repository\org\mockito\kotlin\mockito-kotlin\5.1.0\mockito-kotlin-5.1.0.jar;C:\Users\asahi\.m2\repository\org\mockito\mockito-core\5.7.0\mockito-core-5.7.0.jar;C:\Users\asahi\.m2\repository\net\bytebuddy\byte-buddy\1.14.12\byte-buddy-1.14.12.jar;C:\Users\asahi\.m2\repository\net\bytebuddy\byte-buddy-agent\1.14.12\byte-buddy-agent-1.14.12.jar;C:\Users\asahi\.m2\repository\org\objenesis\objenesis\3.3\objenesis-3.3.jar;C:\Users\asahi\.m2\repository\org\jetbrains\kotlin\kotlin-test\1.9.22\kotlin-test-1.9.22.jar;"/>
    <property name="java.vm.vendor" value="Oracle Corporation"/>
    <property name="sun.arch.data.model" value="64"/>
    <property name="user.variant" value=""/>
    <property name="java.vendor.url" value="https://java.oracle.com/"/>
    <property name="user.timezone" value="Europe/Berlin"/>
    <property name="os.name" value="Windows 11"/>
    <property name="java.vm.specification.version" value="17"/>
    <property name="sun.java.launcher" value="SUN_STANDARD"/>
    <property name="user.country" value="US"/>
    <property name="sun.boot.library.path" value="C:\Program Files\Java\jdk-17\bin"/>
    <property name="sun.java.command" value="C:\Users\asahi\AppData\Local\Temp\surefire14208003255216151881\surefirebooter-20250709013532508_3.jar C:\Users\asahi\AppData\Local\Temp\surefire14208003255216151881 2025-07-09T01-35-32_308-jvmRun1 surefire-20250709013532508_1tmp surefire_0-20250709013532508_2tmp"/>
    <property name="jdk.debug" value="release"/>
    <property name="surefire.test.class.path" value="C:\url-shortener\domain\target\test-classes;C:\url-shortener\domain\target\classes;C:\Users\asahi\.m2\repository\org\jetbrains\kotlin\kotlin-stdlib\1.9.22\kotlin-stdlib-1.9.22.jar;C:\Users\asahi\.m2\repository\org\jetbrains\annotations\13.0\annotations-13.0.jar;C:\Users\asahi\.m2\repository\org\jetbrains\kotlin\kotlin-reflect\1.9.22\kotlin-reflect-1.9.22.jar;C:\Users\asahi\.m2\repository\org\slf4j\slf4j-api\2.0.12\slf4j-api-2.0.12.jar;C:\Users\asahi\.m2\repository\org\jetbrains\kotlin\kotlin-test-junit5\1.9.22\kotlin-test-junit5-1.9.22.jar;C:\Users\asahi\.m2\repository\org\junit\jupiter\junit-jupiter-api\5.10.1\junit-jupiter-api-5.10.1.jar;C:\Users\asahi\.m2\repository\org\opentest4j\opentest4j\1.3.0\opentest4j-1.3.0.jar;C:\Users\asahi\.m2\repository\org\junit\platform\junit-platform-commons\1.10.2\junit-platform-commons-1.10.2.jar;C:\Users\asahi\.m2\repository\org\apiguardian\apiguardian-api\1.1.2\apiguardian-api-1.1.2.jar;C:\Users\asahi\.m2\repository\org\junit\jupiter\junit-jupiter-engine\5.10.1\junit-jupiter-engine-5.10.1.jar;C:\Users\asahi\.m2\repository\org\junit\platform\junit-platform-engine\1.10.2\junit-platform-engine-1.10.2.jar;C:\Users\asahi\.m2\repository\org\mockito\kotlin\mockito-kotlin\5.1.0\mockito-kotlin-5.1.0.jar;C:\Users\asahi\.m2\repository\org\mockito\mockito-core\5.7.0\mockito-core-5.7.0.jar;C:\Users\asahi\.m2\repository\net\bytebuddy\byte-buddy\1.14.12\byte-buddy-1.14.12.jar;C:\Users\asahi\.m2\repository\net\bytebuddy\byte-buddy-agent\1.14.12\byte-buddy-agent-1.14.12.jar;C:\Users\asahi\.m2\repository\org\objenesis\objenesis\3.3\objenesis-3.3.jar;C:\Users\asahi\.m2\repository\org\jetbrains\kotlin\kotlin-test\1.9.22\kotlin-test-1.9.22.jar;"/>
    <property name="sun.cpu.endian" value="little"/>
    <property name="user.home" value="C:\Users\asahi"/>
    <property name="user.language" value="en"/>
    <property name="java.specification.vendor" value="Oracle Corporation"/>
    <property name="java.version.date" value="2023-10-17"/>
    <property name="java.home" value="C:\Program Files\Java\jdk-17"/>
    <property name="file.separator" value="\"/>
    <property name="basedir" value="C:\url-shortener\domain"/>
    <property name="java.vm.compressedOopsMode" value="Zero based"/>
    <property name="line.separator" value="&#10;"/>
    <property name="java.vm.specification.vendor" value="Oracle Corporation"/>
    <property name="java.specification.name" value="Java Platform API Specification"/>
    <property name="surefire.real.class.path" value="C:\Users\asahi\AppData\Local\Temp\surefire14208003255216151881\surefirebooter-20250709013532508_3.jar"/>
    <property name="user.script" value=""/>
    <property name="sun.management.compiler" value="HotSpot 64-Bit Tiered Compilers"/>
    <property name="java.runtime.version" value="17.0.9+11-LTS-201"/>
    <property name="user.name" value="asahi"/>
    <property name="path.separator" value=";"/>
    <property name="os.version" value="10.0"/>
    <property name="java.runtime.name" value="Java(TM) SE Runtime Environment"/>
    <property name="file.encoding" value="Cp1252"/>
    <property name="java.vm.name" value="Java HotSpot(TM) 64-Bit Server VM"/>
    <property name="localRepository" value="C:\Users\asahi\.m2\repository"/>
    <property name="java.vendor.url.bug" value="https://bugreport.java.com/bugreport/"/>
    <property name="java.io.tmpdir" value="C:\Users\asahi\AppData\Local\Temp\"/>
    <property name="java.version" value="17.0.9"/>
    <property name="user.dir" value="C:\url-shortener\domain"/>
    <property name="os.arch" value="amd64"/>
    <property name="java.vm.specification.name" value="Java Virtual Machine Specification"/>
    <property name="sun.os.patch.level" value=""/>
    <property name="native.encoding" value="Cp1252"/>
    <property name="java.library.path" value="C:\Program Files\Java\jdk-17\bin;C:\WINDOWS\Sun\Java\bin;C:\WINDOWS\system32;C:\WINDOWS;C:\Program Files\Common Files\Oracle\Java\javapath;C:\Windows\system32;C:\Windows;C:\Windows\System32\Wbem;C:\Windows\System32\WindowsPowerShell\v1.0\;C:\Windows\System32\OpenSSH\;C:\Program Files (x86)\NVIDIA Corporation\PhysX\Common;C:\Program Files\nodejs\;C:\Program Files\dotnet\;C:\WINDOWS\system32;C:\WINDOWS;C:\WINDOWS\System32\Wbem;C:\WINDOWS\System32\WindowsPowerShell\v1.0\;C:\WINDOWS\System32\OpenSSH\;C:\Program Files\Git\cmd;C:\Program Files\Apache\maven\apache-maven-3.9.9\bin;;C:\Program Files\Docker\Docker\resources\bin;C:\Program Files\NVIDIA Corporation\NVIDIA App\NvDLISR;C:\Users\asahi\AppData\Local\Programs\Python\Python313\Scripts\;C:\Users\asahi\AppData\Local\Programs\Python\Python313\;C:\Users\asahi\AppData\Local\Programs\Python\Launcher\;C:\Program Files\Common Files\Oracle\Java\javapath;C:\Windows\system32;C:\Windows;C:\Windows\System32\Wbem;C:\Windows\System32\WindowsPowerShell\v1.0\;C:\Windows\System32\OpenSSH\;C:\Program Files (x86)\NVIDIA Corporation\PhysX\Common;C:\Program Files\nodejs\;C:\Program Files\dotnet\;C:\WINDOWS\system32;C:\WINDOWS;C:\WINDOWS\System32\Wbem;C:\WINDOWS\System32\WindowsPowerShell\v1.0\;C:\WINDOWS\System32\OpenSSH\;C:\Program Files\Git\cmd;C:\Program Files\Apache\maven\apache-maven-3.9.9\bin;;C:\Program Files\Docker\Docker\resources\bin;C:\Program Files\NVIDIA Corporation\NVIDIA App\NvDLISR;C:\Users\asahi\AppData\Roaming\npm;C:\Users\asahi\AppData\Local\Programs\cursor\resources\app\bin;C:\Users\asahi\AppData\Local\Microsoft\WindowsApps;C:\Users\asahi\AppData\Local\Programs\Windsurf\bin;C:\Program Files\Apache\maven\apache-maven-3.9.9\bin;C:\Users\asahi\AppData\Local\Programs\Microsoft VS Code\bin;."/>
    <property name="java.vm.info" value="mixed mode, sharing"/>
    <property name="java.vendor" value="Oracle Corporation"/>
    <property name="java.vm.version" value="17.0.9+11-LTS-201"/>
    <property name="sun.io.unicode.encoding" value="UnicodeLittle"/>
    <property name="java.class.version" value="61.0"/>
  </properties>
  <testcase name="should handle very long URLs" classname="com.urlshortener.domain.model.UrlMappingTest" time="0.001"/>
  <testcase name="should not be equal when properties are different" classname="com.urlshortener.domain.model.UrlMappingTest" time="0.001"/>
  <testcase name="should create UrlMapping with valid data" classname="com.urlshortener.domain.model.UrlMappingTest" time="0.001"/>
  <testcase name="should be equal when all properties are the same" classname="com.urlshortener.domain.model.UrlMappingTest" time="0.001"/>
  <testcase name="should throw exception when originalUrl is blank" classname="com.urlshortener.domain.model.UrlMappingTest" time="0.002"/>
  <testcase name="should handle URLs with special characters" classname="com.urlshortener.domain.model.UrlMappingTest" time="0.001"/>
  <testcase name="should throw exception when shortCode is blank" classname="com.urlshortener.domain.model.UrlMappingTest" time="0.004"/>
  <testcase name="should create UrlMapping with default id" classname="com.urlshortener.domain.model.UrlMappingTest" time="0.002"/>
  <testcase name="should handle short codes with special characters" classname="com.urlshortener.domain.model.UrlMappingTest" time="0.001"/>
</testsuite>